<?xml version="1.0" encoding="UTF-8"?>
<coverage generated="1679167677492" clover="3.2.0">
  <project timestamp="1679167677492" name="All files">
    <metrics statements="14" coveredstatements="14" conditionals="2" coveredconditionals="2" methods="9" coveredmethods="9" elements="25" coveredelements="25" complexity="0" loc="14" ncloc="14" packages="2" files="2" classes="2"/>
    <package name="src">
      <metrics statements="2" coveredstatements="2" conditionals="0" coveredconditionals="0" methods="0" coveredmethods="0"/>
      <file name="component.ts" path="/Users/matthewstagg/Source/ecs-js/src/component.ts">
        <metrics statements="2" coveredstatements="2" conditionals="0" coveredconditionals="0" methods="0" coveredmethods="0"/>
        <line num="1" count="1" type="stmt"/>
        <line num="2" count="1" type="stmt"/>
      </file>
    </package>
    <package name="src.Entity">
      <metrics statements="12" coveredstatements="12" conditionals="2" coveredconditionals="2" methods="9" coveredmethods="9"/>
      <file name="index.ts" path="/Users/matthewstagg/Source/ecs-js/src/Entity/index.ts">
        <metrics statements="12" coveredstatements="12" conditionals="2" coveredconditionals="2" methods="9" coveredmethods="9"/>
        <line num="1" count="1" type="stmt"/>
        <line num="4" count="1" type="stmt"/>
        <line num="5" count="10" type="stmt"/>
        <line num="8" count="23" type="cond" truecount="2" falsecount="0"/>
        <line num="12" count="5" type="stmt"/>
        <line num="16" count="13" type="stmt"/>
        <line num="20" count="2" type="stmt"/>
        <line num="24" count="4" type="stmt"/>
        <line num="28" count="4" type="stmt"/>
        <line num="32" count="1" type="stmt"/>
        <line num="33" count="3" type="stmt"/>
        <line num="34" count="3" type="stmt"/>
      </file>
    </package>
  </project>
</coverage>
